Server 10.0.2.2 connected.
Database name: pih2.
Press `Start` button to start logging.
12012016-141502 Start logging.
12012016-141502 ROOM CHARGE: 315 1000
12012016-141502 ROOM CHARGE: 315 1000
12012016-141503 ROOM CHARGE: 315 1000
12012016-141503 ROOM CHARGE: 203 4000
12012016-141504 ROOM CHARGE: 203 1000
12012016-141504 ROOM CHARGE: 203 2000
12012016-141505 ROOM CHARGE: 203 3000
12012016-141505 ROOM CHARGE: 203 1000
12012016-141506 ROOM CHARGE: 203 1000
12012016-141506 ROOM CHARGE: 203 500
12012016-141512 ROOM CHARGE: 203 1000
12012016-141518 none
12012016-141523 none
12012016-141528 none
12012016-141532 none
12012016-141537 none
12012016-141542 none
12012016-141547 none
