Server 10.0.2.2 connected.
Database name: pih2.
Press `Start` button to start logging.
12012016-135941 Start logging.
12012016-135941 ROOM CHARGE: 315 1000
12012016-135941 ROOM CHARGE: 315 1000
12012016-135942 ROOM CHARGE: 315 1000
12012016-135942 ROOM CHARGE: 203 4000
12012016-135942 ROOM CHARGE: 203 1000
12012016-135943 ROOM CHARGE: 203 2000
12012016-135943 ROOM CHARGE: 203 3000
12012016-135944 ROOM CHARGE: 203 1000
12012016-135944 ROOM CHARGE: 203 1000
12012016-135945 ROOM CHARGE: 203 500
12012016-135950 none
12012016-135955 none
12012016-140000 none
12012016-140005 none
12012016-140010 none
12012016-140015 none
12012016-140020 none
12012016-140025 none
12012016-140031 none
12012016-140036 none
12012016-140041 none
12012016-140046 none
12012016-140050 none
12012016-140055 none
12012016-140100 none
12012016-140105 none
12012016-140110 none
12012016-140115 none
12012016-140120 none
12012016-140125 none
12012016-140130 none
12012016-140135 none
12012016-140140 none
12012016-140145 none
12012016-140150 none
12012016-140156 none
12012016-140201 none
12012016-140206 none
12012016-140211 none
12012016-140216 none
12012016-140221 none
12012016-140226 none
12012016-140231 none
12012016-140236 none
12012016-140241 none
12012016-140246 none
12012016-140251 Stopping...
12012016-140251 Stopping...
12012016-140251 Stopping...
12012016-140251 none
