Server 192.168.1.23 connected.
Database name: emerald.
Press `Start` button to start logging.
12012016-103240 Start logging.
12012016-103240 none
12012016-103245 none
12012016-103250 none
12012016-103255 none
12012016-103300 none
12012016-103305 none
12012016-103310 ROOM CHARGE: 203 1000
12012016-103315 none
12012016-103320 none
12012016-103325 none
12012016-103330 none
12012016-103335 none
12012016-103340 none
12012016-103345 none
12012016-103350 none
12012016-103355 none
12012016-103400 none
12012016-103405 none
12012016-103410 none
12012016-103415 none
12012016-103420 none
12012016-103425 none
12012016-103430 none
12012016-103435 none
12012016-103440 none
12012016-103445 none
12012016-103450 none
12012016-103455 none
12012016-103500 none
12012016-103505 none
12012016-103510 none
12012016-103515 none
12012016-103520 none
12012016-103525 none
12012016-103530 ROOM CHARGE: 315 1000
12012016-103536 none
12012016-103541 none
12012016-103546 none
12012016-103551 none
12012016-103556 none
12012016-103601 none
12012016-103606 none
12012016-103611 ROOM CHARGE: 315 1000
12012016-103616 none
12012016-103621 none
12012016-103626 none
12012016-103631 none
12012016-103636 none
12012016-103641 none
12012016-103646 none
12012016-103651 none
12012016-103656 none
12012016-103701 none
12012016-103706 none
12012016-103711 ROOM CHARGE: 315 1000
12012016-103711 ROOM CHARGE: 203 4000
12012016-103717 none
12012016-103722 none
12012016-103727 none
12012016-103732 none
12012016-103737 none
12012016-103742 none
12012016-103747 none
12012016-103752 ROOM CHARGE: 203 1000
12012016-103757 none
12012016-103802 none
12012016-103807 none
12012016-103812 none
12012016-103817 none
12012016-103822 none
12012016-103827 none
12012016-103832 none
12012016-103837 none
12012016-103842 none
12012016-103847 none
12012016-103852 none
12012016-103857 none
12012016-103902 none
12012016-103907 none
12012016-103912 none
12012016-103917 none
12012016-103922 none
12012016-103927 none
12012016-103932 none
12012016-103937 none
12012016-103942 none
12012016-103947 none
12012016-103952 none
12012016-103957 none
12012016-104002 ROOM CHARGE: 203 2000
12012016-104007 none
12012016-104013 none
12012016-104018 none
12012016-104023 none
12012016-104028 none
12012016-104033 none
12012016-104038 none
12012016-104043 none
12012016-104048 none
12012016-104053 none
12012016-104058 none
12012016-104103 none
12012016-104108 none
12012016-104113 none
12012016-104118 none
12012016-104123 none
12012016-104128 none
12012016-104133 none
12012016-104138 none
12012016-104143 none
12012016-104148 none
12012016-104153 none
12012016-104158 none
12012016-104203 none
12012016-104208 none
12012016-104213 none
12012016-104218 none
12012016-104223 ROOM CHARGE: 203 3000
12012016-104228 none
12012016-104233 none
12012016-104238 none
12012016-104243 none
12012016-104248 none
12012016-104253 none
12012016-104258 none
12012016-104303 none
12012016-104308 none
12012016-104313 none
12012016-104318 none
12012016-104323 ROOM CHARGE: 203 1000
12012016-104328 none
12012016-104333 none
12012016-104338 none
12012016-104343 ROOM CHARGE: 203 1000
12012016-104349 none
12012016-104354 none
12012016-104359 none
12012016-104404 ROOM CHARGE: 203 500
12012016-104409 none
12012016-104414 none
12012016-104419 none
12012016-104424 none
12012016-104429 none
12012016-104434 none
12012016-104439 none
12012016-104444 none
12012016-104449 none
12012016-104454 none
12012016-104459 none
12012016-104504 none
12012016-104509 none
12012016-104514 none
12012016-104519 none
12012016-104524 none
12012016-104529 none
12012016-104534 none
12012016-104539 none
12012016-104544 none
12012016-104549 none
12012016-104554 none
12012016-104559 none
12012016-104604 none
12012016-104609 none
12012016-104614 none
12012016-104619 none
12012016-104624 none
12012016-104629 none
12012016-104634 none
12012016-104639 none
12012016-104644 none
12012016-104649 none
12012016-104654 none
12012016-104659 none
12012016-104704 none
12012016-104709 none
12012016-104714 none
12012016-104719 none
12012016-104724 none
12012016-104729 none
12012016-104734 none
12012016-104739 none
12012016-104744 none
12012016-104749 none
12012016-104754 none
12012016-104759 none
12012016-104804 none
12012016-104809 none
12012016-104814 none
12012016-104819 none
12012016-104824 none
12012016-104829 none
12012016-104834 none
12012016-104839 none
12012016-104844 none
12012016-104849 none
12012016-104854 none
12012016-104859 none
12012016-104904 none
12012016-104909 none
12012016-104914 none
12012016-104919 none
12012016-104924 none
12012016-104929 none
12012016-104934 none
12012016-104939 none
12012016-104944 none
12012016-104949 none
12012016-104954 none
12012016-104959 none
12012016-105004 none
12012016-105009 none
12012016-105014 none
12012016-105019 none
12012016-105025 none
12012016-105030 none
12012016-105035 none
12012016-105040 none
12012016-105045 none
12012016-105050 none
12012016-105055 none
12012016-105100 none
12012016-105105 none
12012016-105110 none
12012016-105115 none
12012016-105120 none
12012016-105125 none
12012016-105130 none
12012016-105135 none
12012016-105140 none
12012016-105145 none
12012016-105150 none
12012016-105155 none
12012016-105200 none
12012016-105205 none
12012016-105210 none
12012016-105215 none
12012016-105220 none
12012016-105225 none
12012016-105230 none
12012016-105235 none
12012016-105240 none
12012016-105245 none
12012016-105250 none
12012016-105255 none
12012016-105300 none
12012016-105305 none
12012016-105310 none
12012016-105315 none
12012016-105320 none
12012016-105325 none
12012016-105330 none
12012016-105335 none
12012016-105340 none
12012016-105345 none
12012016-105350 none
12012016-105355 none
12012016-105400 none
12012016-105405 none
12012016-105410 none
12012016-105415 none
12012016-105420 none
12012016-105425 none
12012016-105430 none
12012016-105435 none
12012016-105440 none
12012016-105445 none
12012016-105450 none
12012016-105455 none
12012016-105500 none
12012016-105505 none
12012016-105510 none
12012016-105515 none
12012016-105520 none
12012016-105525 none
12012016-105530 none
12012016-105535 none
12012016-105540 none
12012016-105545 none
12012016-105550 none
12012016-105555 none
12012016-105600 none
12012016-105605 none
12012016-105610 none
12012016-105615 none
12012016-105620 none
12012016-105625 none
12012016-105630 none
12012016-105635 none
12012016-105640 none
12012016-105645 none
12012016-105650 none
12012016-105655 none
12012016-105700 none
12012016-105705 none
12012016-105710 none
12012016-105715 none
12012016-105720 none
12012016-105725 none
12012016-105730 none
12012016-105735 none
12012016-105740 none
12012016-105745 none
12012016-105750 none
12012016-105755 none
12012016-105800 none
12012016-105805 none
12012016-105810 none
12012016-105815 none
12012016-105820 none
12012016-105825 none
12012016-105830 none
12012016-105835 none
12012016-105840 none
12012016-105845 none
12012016-105850 none
12012016-105855 none
12012016-105900 none
12012016-105905 none
12012016-105910 none
12012016-105915 none
12012016-105920 none
12012016-105925 none
12012016-105930 none
12012016-105935 none
12012016-105940 none
12012016-105945 none
12012016-105950 none
12012016-105955 none
12012016-110000 none
12012016-110005 none
12012016-110010 none
12012016-110015 none
12012016-110020 none
12012016-110025 none
12012016-110030 none
12012016-110035 none
12012016-110040 none
12012016-110045 none
12012016-110050 none
12012016-110055 none
12012016-110100 none
12012016-110106 none
12012016-110111 none
12012016-110116 none
12012016-110121 none
12012016-110126 none
12012016-110131 none
12012016-110136 none
12012016-110141 none
12012016-110146 none
12012016-110151 none
12012016-110156 none
12012016-110201 none
12012016-110206 none
12012016-110211 none
12012016-110216 none
12012016-110221 none
12012016-110226 none
12012016-110231 none
12012016-110236 none
12012016-110241 none
12012016-110246 none
12012016-110251 none
12012016-110256 none
12012016-110301 none
12012016-110306 none
12012016-110311 none
12012016-110316 none
12012016-110321 none
12012016-110326 none
12012016-110331 none
12012016-110336 none
12012016-110341 none
12012016-110346 none
12012016-110351 none
12012016-110356 none
12012016-110401 none
12012016-110406 none
12012016-110411 none
12012016-110416 none
12012016-110421 none
12012016-110426 none
12012016-110431 none
12012016-110436 none
12012016-110441 none
12012016-110446 none
12012016-110451 none
12012016-110456 none
12012016-110501 none
12012016-110506 none
12012016-110511 none
12012016-110516 none
12012016-110521 none
12012016-110526 none
12012016-110531 none
12012016-110536 none
12012016-110541 none
12012016-110546 none
12012016-110551 none
12012016-110556 none
12012016-110601 none
12012016-110606 none
12012016-110611 none
12012016-110616 none
12012016-110621 none
12012016-110626 none
12012016-110631 none
12012016-110636 none
12012016-110641 none
12012016-110646 none
12012016-110651 none
12012016-110656 none
12012016-110701 none
12012016-110706 none
12012016-110711 none
12012016-110716 none
12012016-110721 none
12012016-110726 none
12012016-110731 none
12012016-110736 none
12012016-110741 none
12012016-110746 none
12012016-110751 none
12012016-110756 none
12012016-110801 none
12012016-110806 none
12012016-110811 none
12012016-110816 none
12012016-110821 none
12012016-110826 none
12012016-110831 none
12012016-110836 none
12012016-110841 none
12012016-110846 none
12012016-110851 none
12012016-110856 none
12012016-110901 none
12012016-110906 none
12012016-110911 none
12012016-110916 none
12012016-110921 none
12012016-110926 none
12012016-110931 none
12012016-110936 none
12012016-110941 none
12012016-110946 none
12012016-110951 none
12012016-110956 none
12012016-111001 none
12012016-111006 none
12012016-111011 none
12012016-111016 none
12012016-111021 none
12012016-111026 none
12012016-111031 none
12012016-111036 none
12012016-111041 none
12012016-111046 none
12012016-111051 none
12012016-111056 none
12012016-111101 none
12012016-111106 none
12012016-111111 none
12012016-111116 none
12012016-111121 none
12012016-111126 none
12012016-111131 none
12012016-111136 none
12012016-111141 none
12012016-111146 none
12012016-111151 none
12012016-111156 none
12012016-111201 none
12012016-111206 none
12012016-111211 none
12012016-111217 none
12012016-111222 none
12012016-111227 none
12012016-111232 none
12012016-111237 none
12012016-111242 none
12012016-111247 none
12012016-111252 none
12012016-111257 none
12012016-111302 none
12012016-111307 none
12012016-111312 none
12012016-111317 none
12012016-111322 none
12012016-111327 none
12012016-111332 none
12012016-111337 none
12012016-111342 none
12012016-111347 none
12012016-111352 none
12012016-111357 none
12012016-111402 none
12012016-111407 none
12012016-111412 none
12012016-111417 none
12012016-111422 none
12012016-111427 none
12012016-111432 none
12012016-111437 none
12012016-111442 none
12012016-111447 none
12012016-111452 none
12012016-111457 none
12012016-111502 none
12012016-111507 none
12012016-111512 none
12012016-111517 none
12012016-111522 none
12012016-111527 none
12012016-111532 none
12012016-111537 none
12012016-111542 none
12012016-111547 none
12012016-111552 none
12012016-111557 none
12012016-111602 none
12012016-111607 none
12012016-111612 none
12012016-111617 none
12012016-111622 none
12012016-111627 none
12012016-111632 none
12012016-111637 none
12012016-111642 none
12012016-111647 none
12012016-111652 none
12012016-111657 none
12012016-111702 none
12012016-111707 none
12012016-111712 none
12012016-111717 none
12012016-111722 none
12012016-111727 none
12012016-111732 none
12012016-111737 none
12012016-111742 none
12012016-111747 none
12012016-111752 none
12012016-111757 none
12012016-111802 none
12012016-111807 none
12012016-111812 none
12012016-111817 none
12012016-111822 none
12012016-111827 none
12012016-111832 none
12012016-111837 none
12012016-111842 none
12012016-111847 none
12012016-111852 none
12012016-111857 none
12012016-111902 none
12012016-111907 none
12012016-111912 none
12012016-111917 none
12012016-111922 none
12012016-111927 none
12012016-111932 none
12012016-111937 none
12012016-111942 none
12012016-111948 none
12012016-111953 none
12012016-111958 none
12012016-112003 none
12012016-112008 none
12012016-112013 none
12012016-112018 none
12012016-112023 none
12012016-112028 none
12012016-112033 none
12012016-112038 none
12012016-112043 none
12012016-112048 none
12012016-112053 none
12012016-112058 none
12012016-112103 none
12012016-112108 none
12012016-112113 none
12012016-112118 none
12012016-112123 none
12012016-112128 none
12012016-112133 none
12012016-112138 none
12012016-112143 none
12012016-112148 none
12012016-112153 none
12012016-112158 none
12012016-112203 none
12012016-112208 none
12012016-112213 none
12012016-112218 ROOM CHARGE: 203 1000
12012016-112223 none
12012016-112228 none
12012016-112233 none
12012016-112238 none
12012016-112243 none
12012016-112248 none
12012016-112253 none
12012016-112258 none
12012016-112303 none
12012016-112308 none
12012016-112313 none
12012016-112318 none
12012016-112323 none
12012016-112328 none
12012016-112333 ROOM CHARGE: 203 1000
12012016-112339 none
12012016-112344 none
12012016-112349 none
12012016-112354 none
12012016-112359 none
12012016-112404 none
12012016-112409 none
12012016-112414 none
12012016-112419 none
12012016-112424 none
12012016-112429 none
12012016-112434 none
12012016-112439 none
12012016-112444 none
12012016-112449 none
12012016-112454 ROOM CHARGE: 203 2000
12012016-112459 none
12012016-112504 none
12012016-112509 none
12012016-112514 none
12012016-112519 none
12012016-112524 none
12012016-112529 none
12012016-112534 none
12012016-112539 none
12012016-112544 none
12012016-112549 none
12012016-112554 none
12012016-112559 none
12012016-112604 ROOM CHARGE: 203 1000
12012016-112609 none
12012016-112614 none
12012016-112619 none
12012016-112624 none
12012016-112629 none
12012016-112634 none
12012016-112639 none
12012016-112644 none
12012016-112649 none
12012016-112654 none
12012016-112659 none
12012016-112704 none
12012016-112709 none
12012016-112714 none
12012016-112719 none
12012016-112724 none
12012016-112729 none
12012016-112734 ROOM CHARGE: 203 1000
12012016-112740 none
12012016-112745 none
12012016-112750 none
12012016-112755 none
12012016-112800 none
12012016-112805 none
12012016-112810 none
12012016-112815 none
12012016-112820 none
12012016-112825 ROOM CHARGE: 203 1000
12012016-112831 none
12012016-112836 none
12012016-112841 none
12012016-112846 ROOM CHARGE: 203 1000
12012016-112852 none
12012016-112857 none
12012016-112902 none
12012016-112907 none
12012016-112912 none
12012016-112917 none
12012016-112922 none
12012016-112927 none
12012016-112932 none
12012016-112937 none
12012016-112942 none
12012016-112947 ROOM CHARGE: 203 1000
12012016-112952 none
12012016-112957 none
12012016-113002 none
12012016-113007 none
12012016-113012 none
12012016-113017 none
12012016-113022 none
12012016-113027 none
12012016-113032 none
12012016-113037 ROOM CHARGE: 203 1000
12012016-113042 none
12012016-113047 none
12012016-113052 none
12012016-113057 none
12012016-113102 none
12012016-113108 none
12012016-113113 none
12012016-113118 none
12012016-113123 none
12012016-113128 ROOM CHARGE: 203 1000
12012016-113133 none
12012016-113138 none
12012016-113143 none
12012016-113148 none
12012016-113153 none
12012016-113158 none
12012016-113203 none
12012016-113208 none
12012016-113213 none
12012016-113218 none
12012016-113223 none
12012016-113228 none
