Server 192.168.1.23 connected.
Database name: emerald.
Press `Start` button to start logging.
02122015-161418 Start logging.
02122015-161418 none
02122015-161423 none
02122015-161428 none
02122015-161433 none
02122015-161438 none
02122015-161443 none
02122015-161448 none
02122015-161453 none
02122015-161458 none
02122015-161503 none
02122015-161508 none
02122015-161513 none
02122015-161518 none
02122015-161523 none
02122015-161529 none
02122015-161534 none
02122015-161539 none
02122015-161544 none
02122015-161549 none
02122015-161554 none
02122015-161559 none
02122015-161604 none
02122015-161609 none
02122015-161614 none
02122015-161619 none
02122015-161624 none
02122015-161629 none
02122015-161634 none
02122015-161639 none
02122015-161644 none
02122015-161649 none
02122015-161654 none
02122015-161659 Stopping...
02122015-161659 none
