Server 10.0.2.2 connected.
Database name: pih.
Press `Start` button to start logging.
12012016-134905 Start logging.
12012016-134905 none
12012016-134909 none
12012016-134914 none
12012016-134919 none
12012016-134925 none
12012016-134930 none
12012016-134935 none
12012016-134940 none
12012016-134945 none
12012016-134950 none
12012016-134955 none
12012016-135000 none
12012016-135005 none
12012016-135010 none
12012016-135016 none
12012016-135021 none
12012016-135026 none
12012016-135031 none
12012016-135035 none
12012016-135040 none
12012016-135045 none
12012016-135050 none
12012016-135055 Stopping...
12012016-135055 none
