Server 10.0.2.2 connected.
Database name: tkh.
Press `Start` button to start logging.
30062014-225247 Start logging.
30062014-225247 none
30062014-225252 none
30062014-225257 none
30062014-225302 none
30062014-225306 none
30062014-225310 none
30062014-225314 none
30062014-225319 none
30062014-225323 none
30062014-225328 none
30062014-225333 none
30062014-225338 none
30062014-225343 none
30062014-225349 none
30062014-225354 none
30062014-225401 none
30062014-225407 none
30062014-225413 none
30062014-225419 none
30062014-225424 none
30062014-225429 none
30062014-225434 none
30062014-225439 Stopping...
30062014-225439 Stopping...
30062014-225439 none
