Server 10.244.100.10 connected.
Database name: emerald.
Press `Start` button to start logging.
12072015-124152 Start logging.
12072015-124152 ROOM CHARGE: 108 0
12072015-124152 ROOM CHARGE: 108 0
12072015-124152 ROOM CHARGE: 108 0
12072015-124152 ROOM CHARGE: 108 0
12072015-124152 ROOM CHARGE: 108 0
12072015-124153 ROOM CHARGE: 108 0
12072015-124153 ROOM CHARGE: 108 0
12072015-124153 ROOM CHARGE: 108 0
12072015-124153 ROOM CHARGE: 108 0
12072015-124153 ROOM CHARGE: 108 0
12072015-124154 ROOM CHARGE: 108 0
12072015-124154 ROOM CHARGE: 108 0
12072015-124154 ROOM CHARGE: 108 0
12072015-124155 ROOM CHARGE: 108 0
12072015-124155 ROOM CHARGE: 108 0
12072015-124155 ROOM CHARGE: 108 0
12072015-124155 ROOM CHARGE: 108 0
12072015-124155 ROOM CHARGE: 108 0
12072015-124156 ROOM CHARGE: 108 0
12072015-124156 ROOM CHARGE: 108 0
12072015-124156 ROOM CHARGE: 108 0
12072015-124156 ROOM CHARGE: 108 0
12072015-124156 ROOM CHARGE: 108 0
12072015-124157 ROOM CHARGE: 108 0
12072015-124157 ROOM CHARGE: 108 2000
12072015-124157 ROOM CHARGE: 108 2000
12072015-124203 none
12072015-124208 none
12072015-124213 none
12072015-124218 none
12072015-124223 none
12072015-124228 none
12072015-124233 none
12072015-124238 none
12072015-124243 none
12072015-124248 none
12072015-124253 none
12072015-124259 none
12072015-124304 none
12072015-124309 none
12072015-124313 none
12072015-124318 none
12072015-124323 none
12072015-124327 none
12072015-124333 none
12072015-124338 none
12072015-124343 none
12072015-124348 none
12072015-124353 none
12072015-124358 none
12072015-124403 none
12072015-124408 none
12072015-124413 none
12072015-124418 none
12072015-124423 none
12072015-124428 none
12072015-124433 none
12072015-124438 none
12072015-124443 none
12072015-124448 none
12072015-124453 none
12072015-124458 none
12072015-124503 none
12072015-124508 none
12072015-124513 none
12072015-124519 none
12072015-124524 none
12072015-124529 none
12072015-124534 Stopping...
12072015-124534 none
