Server 192.168.1.23 connected.
Database name: emerald.
Press `Start` button to start logging.
12012016-100255 Start logging.
12012016-100255 none
12012016-100300 none
12012016-100305 none
12012016-100310 none
12012016-100315 none
12012016-100320 none
12012016-100325 none
12012016-100330 none
12012016-100335 none
12012016-100340 none
12012016-100345 none
12012016-100350 none
12012016-100355 none
12012016-100400 none
12012016-100405 none
12012016-100410 none
12012016-100415 none
12012016-100420 none
12012016-100425 none
12012016-100430 none
12012016-100435 none
12012016-100440 none
12012016-100445 none
12012016-100450 none
12012016-100455 none
12012016-100500 none
12012016-100505 none
12012016-100510 none
12012016-100515 none
12012016-100520 none
12012016-100525 none
12012016-100530 none
12012016-100535 none
12012016-100540 none
12012016-100545 none
12012016-100550 none
12012016-100555 none
12012016-100600 none
12012016-100605 none
12012016-100610 none
12012016-100615 none
12012016-100620 none
12012016-100625 none
12012016-100630 none
12012016-100635 none
12012016-100641 none
12012016-100646 none
12012016-100651 none
12012016-100656 none
12012016-100701 none
12012016-100706 none
12012016-100711 none
12012016-100716 none
12012016-100721 none
12012016-100726 none
12012016-100731 none
12012016-100736 none
12012016-100741 none
12012016-100746 none
12012016-100751 none
12012016-100756 none
12012016-100801 none
12012016-100806 none
12012016-100811 none
12012016-100816 none
12012016-100821 none
12012016-100826 none
12012016-100831 none
12012016-100836 none
12012016-100841 none
12012016-100846 none
12012016-100851 none
12012016-100856 none
12012016-100901 none
12012016-100906 none
12012016-100911 none
12012016-100916 none
12012016-100921 none
12012016-100926 none
12012016-100931 none
12012016-100936 none
12012016-100941 none
12012016-100946 none
12012016-100951 none
12012016-100956 none
12012016-101001 none
12012016-101006 none
12012016-101011 none
12012016-101016 none
12012016-101021 none
12012016-101026 none
12012016-101031 none
12012016-101036 none
12012016-101041 none
12012016-101046 none
12012016-101051 none
12012016-101056 none
12012016-101101 none
12012016-101106 none
12012016-101111 none
12012016-101116 none
12012016-101121 none
12012016-101126 none
12012016-101131 none
12012016-101136 none
12012016-101141 none
12012016-101146 none
12012016-101151 none
12012016-101156 none
12012016-101201 none
12012016-101206 none
12012016-101211 none
12012016-101216 none
12012016-101221 none
12012016-101226 none
12012016-101231 none
12012016-101236 none
12012016-101241 none
12012016-101246 none
12012016-101251 none
12012016-101256 none
12012016-101301 none
12012016-101306 none
12012016-101311 none
12012016-101316 none
12012016-101321 none
12012016-101326 none
12012016-101331 none
12012016-101336 none
12012016-101341 none
12012016-101346 none
12012016-101351 none
12012016-101356 none
12012016-101401 none
12012016-101406 none
12012016-101411 none
12012016-101416 none
12012016-101421 none
12012016-101426 none
12012016-101431 none
12012016-101436 none
12012016-101441 none
12012016-101446 none
12012016-101451 none
12012016-101456 none
12012016-101501 none
12012016-101506 none
12012016-101511 none
12012016-101516 none
12012016-101521 none
12012016-101526 none
12012016-101531 none
12012016-101536 none
12012016-101541 none
12012016-101546 none
12012016-101551 none
12012016-101556 none
12012016-101601 none
12012016-101606 none
12012016-101611 none
12012016-101616 none
12012016-101621 none
12012016-101626 none
12012016-101631 none
12012016-101636 none
12012016-101641 none
12012016-101646 none
12012016-101651 none
12012016-101656 none
12012016-101701 none
12012016-101707 none
12012016-101712 none
12012016-101717 none
12012016-101722 none
12012016-101727 none
12012016-101732 none
12012016-101737 none
12012016-101742 none
12012016-101747 none
12012016-101752 none
12012016-101757 none
12012016-101802 none
12012016-101807 none
12012016-101812 none
12012016-101817 none
12012016-101822 none
12012016-101827 none
12012016-101832 none
12012016-101837 none
12012016-101842 none
12012016-101847 none
12012016-101852 none
12012016-101857 none
12012016-101902 none
12012016-101907 none
12012016-101912 none
12012016-101917 none
12012016-101922 none
12012016-101927 none
12012016-101932 none
12012016-101937 none
12012016-101942 none
12012016-101947 none
12012016-101952 none
12012016-101957 none
12012016-102002 none
12012016-102007 none
12012016-102012 none
12012016-102017 none
12012016-102022 none
12012016-102027 none
12012016-102032 none
12012016-102037 none
12012016-102042 none
12012016-102047 none
12012016-102052 none
12012016-102057 none
12012016-102102 none
12012016-102107 none
12012016-102112 none
12012016-102117 none
12012016-102122 none
12012016-102127 none
12012016-102132 none
12012016-102137 none
12012016-102142 none
12012016-102147 none
12012016-102152 none
12012016-102157 none
12012016-102202 none
12012016-102207 none
12012016-102212 none
12012016-102217 none
12012016-102222 none
12012016-102227 none
12012016-102232 none
12012016-102237 none
12012016-102242 none
12012016-102247 none
12012016-102252 none
12012016-102257 none
12012016-102302 none
12012016-102307 none
12012016-102312 none
12012016-102317 none
12012016-102322 none
12012016-102327 none
12012016-102332 none
12012016-102337 none
12012016-102342 none
12012016-102347 none
12012016-102352 none
12012016-102357 none
12012016-102402 none
12012016-102407 none
12012016-102412 none
12012016-102417 none
12012016-102422 Stopping...
12012016-102422 none
