Server 10.0.2.2 connected.
Database name: pih2.
Press `Start` button to start logging.
12012016-140408 Start logging.
12012016-140408 ROOM CHARGE: 307 2000
12012016-140408 ROOM CHARGE: 315 1000
12012016-140409 ROOM CHARGE: 315 1000
12012016-140409 ROOM CHARGE: 315 1000
12012016-140410 ROOM CHARGE: 203 4000
12012016-140410 ROOM CHARGE: 203 1000
12012016-140410 ROOM CHARGE: 203 2000
12012016-140411 ROOM CHARGE: 203 3000
12012016-140411 ROOM CHARGE: 203 1000
12012016-140411 ROOM CHARGE: 203 1000
12012016-140412 ROOM CHARGE: 203 500
12012016-140418 ROOM CHARGE: 307 2000
12012016-140418 ROOM CHARGE: 315 1000
12012016-140425 none
12012016-140431 none
12012016-140436 none
12012016-140441 none
12012016-140446 none
12012016-140450 none
12012016-140455 none
12012016-140500 Stopping...
12012016-140500 Stopping...
12012016-140500 none
