Server 192.168.1.103 connected.
Database name: gsh.
Press `Start` button to start logging.
12022015-091747 Start logging.
12022015-091747 none
12022015-091752 none
12022015-091757 none
12022015-091803 none
12022015-091808 none
12022015-091813 ROOM CHARGE: 314 4531
12022015-091819 none
12022015-091823 none
12022015-091828 none
12022015-091833 none
12022015-091838 none
12022015-091843 none
12022015-091849 none
12022015-091854 none
12022015-091859 none
12022015-091904 Stopping...
12022015-091904 none
