Server 10.0.2.2 connected.
Database name: pih.
Press `Start` button to start logging.
12012016-112928 Start logging.
12012016-112928 none
12012016-112933 none
12012016-112938 none
12012016-112944 none
12012016-112950 none
12012016-112957 none
12012016-113003 none
12012016-113010 none
12012016-113017 none
12012016-113025 none
12012016-113032 none
12012016-113039 none
12012016-113045 none
12012016-113051 none
12012016-113057 none
12012016-113102 none
12012016-113107 none
12012016-113112 none
12012016-113117 none
12012016-113121 none
12012016-113126 none
12012016-113130 none
12012016-113133 none
12012016-113137 none
12012016-113140 none
12012016-113143 none
12012016-113146 none
12012016-113149 none
12012016-113153 none
12012016-113156 none
12012016-113159 none
12012016-113203 none
12012016-113206 none
12012016-113210 none
12012016-113214 none
12012016-113219 none
12012016-113223 none
12012016-113228 none
12012016-113233 none
12012016-113238 none
12012016-113244 none
12012016-113249 none
12012016-113255 none
12012016-113302 none
12012016-113308 none
12012016-113315 none
12012016-113323 none
12012016-113330 none
12012016-113337 none
12012016-113344 none
12012016-113350 none
12012016-113356 none
12012016-113402 none
12012016-113407 none
12012016-113412 none
12012016-113417 none
12012016-113422 none
12012016-113426 none
12012016-113430 none
12012016-113434 none
12012016-113438 none
12012016-113442 none
12012016-113445 none
12012016-113448 none
12012016-113452 none
12012016-113455 none
12012016-113459 none
12012016-113503 none
12012016-113507 none
12012016-113511 none
12012016-113516 none
12012016-113521 none
12012016-113526 none
12012016-113531 none
12012016-113537 none
12012016-113542 none
12012016-113549 none
12012016-113555 none
12012016-113602 none
12012016-113609 none
12012016-113615 none
12012016-113621 none
12012016-113627 none
12012016-113633 none
12012016-113638 none
12012016-113643 none
12012016-113648 none
12012016-113652 none
12012016-113656 none
12012016-113700 none
12012016-113704 none
12012016-113708 none
12012016-113711 none
12012016-113715 none
12012016-113718 none
12012016-113722 none
12012016-113726 none
12012016-113730 none
12012016-113734 none
12012016-113738 none
12012016-113743 none
12012016-113748 none
12012016-113753 none
12012016-113759 none
12012016-113804 none
12012016-113810 none
12012016-113817 none
12012016-113823 none
12012016-113830 none
12012016-113837 none
12012016-113844 none
12012016-113850 none
12012016-113856 none
12012016-113902 none
12012016-113907 none
12012016-113912 none
12012016-113917 none
12012016-113922 none
12012016-113926 none
12012016-113930 none
12012016-113934 none
12012016-113938 none
12012016-113941 none
12012016-113945 none
12012016-113948 none
12012016-113952 none
12012016-113956 none
12012016-114000 none
12012016-114005 none
12012016-114009 none
12012016-114014 none
12012016-114019 none
12012016-114024 none
12012016-114030 none
12012016-114036 none
12012016-114042 none
12012016-114048 none
12012016-114055 none
12012016-114101 none
12012016-114107 none
12012016-114112 none
12012016-114118 none
12012016-114123 none
12012016-114128 none
12012016-114132 none
12012016-114136 none
12012016-114140 none
12012016-114144 none
12012016-114148 none
12012016-114153 none
12012016-114157 none
12012016-114202 none
12012016-114207 none
12012016-114213 none
12012016-114218 none
12012016-114224 Stopping...
12012016-114224 none
