Server 10.0.2.2 connected.
Database name: cwj.
Press `Start` button to start logging.
21122015-125621 Start logging.
21122015-125621 ROOM STATUS: B15 --> ODN --> VCN
21122015-125621 ROOM STATUS: B15 --> ODN --> OCN
21122015-125621 ROOM STATUS: B15 --> ODN --> VCI
21122015-125621 ROOM STATUS: B15 --> ODN --> OCI
21122015-125621 ROOM CHARGE: B15 3085
21122015-125624 ROOM CHARGE: B15 12336
21122015-125630 none
21122015-125635 none
21122015-125641 none
21122015-125647 none
21122015-125652 none
21122015-125658 none
21122015-125703 none
21122015-125707 none
21122015-125712 none
21122015-125716 none
21122015-125721 none
21122015-125725 none
21122015-125730 none
21122015-125736 none
21122015-125741 none
21122015-125747 ROOM STATUS: B15 --> ODN --> VCN
21122015-125747 ROOM STATUS: B15 --> ODN --> OCN
21122015-125747 ROOM STATUS: B15 --> ODN --> VCI
21122015-125747 ROOM STATUS: B15 --> ODN --> OCI
21122015-125747 ROOM CHARGE: B15 3085
21122015-125748 ROOM CHARGE: B15 12336
21122015-125754 none
21122015-125801 none
21122015-125806 none
21122015-125812 none
21122015-125817 none
21122015-125822 none
21122015-125827 none
21122015-125831 none
21122015-125836 none
21122015-125840 Stopping...
21122015-125840 none
