05062014-235248 Connection error
05062014-235309 Connection error
05062014-235330 Connection error
Server 10.0.2.2 connected.
Database name: tkh.
Press `Start` button to start logging.
05062014-235330 Start logging.
05062014-235330 none
05062014-235335 none
05062014-235340 none
05062014-235345 none
05062014-235350 none
05062014-235355 none
05062014-235400 none
05062014-235406 none
05062014-235411 none
05062014-235416 none
05062014-235421 none
05062014-235426 none
05062014-235430 none
05062014-235435 none
05062014-235440 none
05062014-235446 none
05062014-235451 none
05062014-235456 none
05062014-235501 none
05062014-235506 none
05062014-235511 none
05062014-235516 none
05062014-235521 none
05062014-235526 none
05062014-235531 none
05062014-235536 none
05062014-235541 none
05062014-235546 none
05062014-235551 none
05062014-235556 none
05062014-235601 none
05062014-235606 none
05062014-235611 Stopping...
05062014-235611 none
