Server 10.0.2.2 connected.
Database name: pih.
Press `Start` button to start logging.
12012016-112606 Start logging.
12012016-112606 ROOM CHARGE: 315 1000
12012016-112608 ROOM CHARGE: 315 1000
12012016-112608 ROOM CHARGE: 315 1000
12012016-112612 none
12012016-112617 none
12012016-112621 none
12012016-112625 none
12012016-112630 none
12012016-112635 none
12012016-112640 none
12012016-112646 none
12012016-112652 none
12012016-112658 none
12012016-112704 none
12012016-112711 none
12012016-112717 none
12012016-112725 none
12012016-112732 none
12012016-112739 none
12012016-112746 none
12012016-112752 none
12012016-112758 none
12012016-112804 none
12012016-112810 none
12012016-112815 Stopping...
12012016-112815 none
